[15:05:15] [main/INFO]: Setting user: Player0
[15:05:17] [Client thread/INFO]: LWJGL Version: 2.9.1
[15:05:28] [Client thread/INFO]: Reloading ResourceManager: Default, FMLFileResourcePack:Forge Mod Loader, FMLFileResourcePack:Minecraft Forge, FMLFileResourcePack:Enginier Craft, FMLFileResourcePack:Example Mod, FMLFileResourcePack:Applied Energistics 2, FMLFileResourcePack:CoFH Core, FMLFileResourcePack:Thermal Foundation
[15:05:31] [Sound Library Loader/INFO]: Sound engine started
[15:05:42] [Client thread/INFO]: Created: 1024x512 textures/blocks-atlas
[15:05:43] [Client thread/ERROR]: Using missing texture, unable to load enginiercraft:textures/items/TestCircuit.png
java.io.FileNotFoundException: enginiercraft:textures/items/TestCircuit.png
	at net.minecraft.client.resources.SimpleReloadableResourceManager.getResource(SimpleReloadableResourceManager.java:71) ~[SimpleReloadableResourceManager.class:?]
	at net.minecraft.client.renderer.texture.TextureMap.loadTextureAtlas(TextureMap.java:126) [TextureMap.class:?]
	at net.minecraft.client.renderer.texture.TextureMap.loadTexture(TextureMap.java:91) [TextureMap.class:?]
	at net.minecraft.client.renderer.texture.TextureManager.loadTexture(TextureManager.java:89) [TextureManager.class:?]
	at net.minecraft.client.renderer.texture.TextureManager.loadTickableTexture(TextureManager.java:71) [TextureManager.class:?]
	at net.minecraft.client.renderer.texture.TextureManager.loadTextureMap(TextureManager.java:58) [TextureManager.class:?]
	at net.minecraft.client.Minecraft.startGame(Minecraft.java:583) [Minecraft.class:?]
	at net.minecraft.client.Minecraft.run(Minecraft.java:931) [Minecraft.class:?]
	at net.minecraft.client.main.Main.main(Main.java:164) [Main.class:?]
	at sun.reflect.NativeMethodAccessorImpl.invoke0(Native Method) ~[?:1.7.0_51]
	at sun.reflect.NativeMethodAccessorImpl.invoke(NativeMethodAccessorImpl.java:57) ~[?:1.7.0_51]
	at sun.reflect.DelegatingMethodAccessorImpl.invoke(DelegatingMethodAccessorImpl.java:43) ~[?:1.7.0_51]
	at java.lang.reflect.Method.invoke(Method.java:606) ~[?:1.7.0_51]
	at net.minecraft.launchwrapper.Launch.launch(Launch.java:135) [launchwrapper-1.11.jar:?]
	at net.minecraft.launchwrapper.Launch.main(Launch.java:28) [launchwrapper-1.11.jar:?]
	at net.minecraftforge.gradle.GradleStartCommon.launch(GradleStartCommon.java:78) [start/:?]
	at GradleStart.main(GradleStart.java:45) [start/:?]
	at sun.reflect.NativeMethodAccessorImpl.invoke0(Native Method) ~[?:1.7.0_51]
	at sun.reflect.NativeMethodAccessorImpl.invoke(NativeMethodAccessorImpl.java:57) ~[?:1.7.0_51]
	at sun.reflect.DelegatingMethodAccessorImpl.invoke(DelegatingMethodAccessorImpl.java:43) ~[?:1.7.0_51]
	at java.lang.reflect.Method.invoke(Method.java:606) ~[?:1.7.0_51]
	at com.intellij.rt.execution.application.AppMain.main(AppMain.java:134) [idea_rt.jar:?]
[15:05:43] [Client thread/INFO]: Created: 512x512 textures/items-atlas
[15:05:44] [Client thread/INFO]: Reloading ResourceManager: Default, FMLFileResourcePack:Forge Mod Loader, FMLFileResourcePack:Minecraft Forge, FMLFileResourcePack:Enginier Craft, FMLFileResourcePack:Example Mod, FMLFileResourcePack:Applied Energistics 2, FMLFileResourcePack:CoFH Core, FMLFileResourcePack:Thermal Foundation
[15:05:44] [Client thread/ERROR]: Using missing texture, unable to load enginiercraft:textures/items/TestCircuit.png
java.io.FileNotFoundException: enginiercraft:textures/items/TestCircuit.png
	at net.minecraft.client.resources.SimpleReloadableResourceManager.getResource(SimpleReloadableResourceManager.java:71) ~[SimpleReloadableResourceManager.class:?]
	at net.minecraft.client.renderer.texture.TextureMap.loadTextureAtlas(TextureMap.java:126) [TextureMap.class:?]
	at net.minecraft.client.renderer.texture.TextureMap.loadTexture(TextureMap.java:91) [TextureMap.class:?]
	at net.minecraft.client.renderer.texture.TextureManager.loadTexture(TextureManager.java:89) [TextureManager.class:?]
	at net.minecraft.client.renderer.texture.TextureManager.onResourceManagerReload(TextureManager.java:170) [TextureManager.class:?]
	at net.minecraft.client.resources.SimpleReloadableResourceManager.notifyReloadListeners(SimpleReloadableResourceManager.java:134) [SimpleReloadableResourceManager.class:?]
	at net.minecraft.client.resources.SimpleReloadableResourceManager.reloadResources(SimpleReloadableResourceManager.java:118) [SimpleReloadableResourceManager.class:?]
	at net.minecraft.client.Minecraft.refreshResources(Minecraft.java:643) [Minecraft.class:?]
	at cpw.mods.fml.client.FMLClientHandler.finishMinecraftLoading(FMLClientHandler.java:303) [FMLClientHandler.class:?]
	at net.minecraft.client.Minecraft.startGame(Minecraft.java:586) [Minecraft.class:?]
	at net.minecraft.client.Minecraft.run(Minecraft.java:931) [Minecraft.class:?]
	at net.minecraft.client.main.Main.main(Main.java:164) [Main.class:?]
	at sun.reflect.NativeMethodAccessorImpl.invoke0(Native Method) ~[?:1.7.0_51]
	at sun.reflect.NativeMethodAccessorImpl.invoke(NativeMethodAccessorImpl.java:57) ~[?:1.7.0_51]
	at sun.reflect.DelegatingMethodAccessorImpl.invoke(DelegatingMethodAccessorImpl.java:43) ~[?:1.7.0_51]
	at java.lang.reflect.Method.invoke(Method.java:606) ~[?:1.7.0_51]
	at net.minecraft.launchwrapper.Launch.launch(Launch.java:135) [launchwrapper-1.11.jar:?]
	at net.minecraft.launchwrapper.Launch.main(Launch.java:28) [launchwrapper-1.11.jar:?]
	at net.minecraftforge.gradle.GradleStartCommon.launch(GradleStartCommon.java:78) [start/:?]
	at GradleStart.main(GradleStart.java:45) [start/:?]
	at sun.reflect.NativeMethodAccessorImpl.invoke0(Native Method) ~[?:1.7.0_51]
	at sun.reflect.NativeMethodAccessorImpl.invoke(NativeMethodAccessorImpl.java:57) ~[?:1.7.0_51]
	at sun.reflect.DelegatingMethodAccessorImpl.invoke(DelegatingMethodAccessorImpl.java:43) ~[?:1.7.0_51]
	at java.lang.reflect.Method.invoke(Method.java:606) ~[?:1.7.0_51]
	at com.intellij.rt.execution.application.AppMain.main(AppMain.java:134) [idea_rt.jar:?]
[15:05:44] [Client thread/INFO]: Created: 512x512 textures/items-atlas
[15:05:45] [Client thread/INFO]: Created: 1024x512 textures/blocks-atlas
[15:05:46] [Sound Library Loader/INFO]: Sound engine started
[15:06:13] [Server thread/INFO]: Starting integrated minecraft server version 1.7.10
[15:06:13] [Server thread/INFO]: Generating keypair
[15:06:14] [Server thread/INFO]: Preparing start region for level 0
[15:06:15] [Server thread/INFO]: Preparing spawn area: 40%
[15:06:16] [Server thread/INFO]: Changing view distance to 8, from 10
[15:06:17] [Server thread/INFO]: Player0[local:E:2e054131] logged in with entity id 581 at (177.5, 70.0, 249.5)
[15:06:17] [Server thread/INFO]: Player0 joined the game
[15:06:21] [Server thread/INFO]: Player0 has just earned the achievement [Taking Inventory]
[15:06:21] [Client thread/INFO]: [CHAT] Player0 has just earned the achievement [Taking Inventory]
[15:06:32] [Client thread/INFO]: [CHAT] §6[CoFH Core]§f A new version is available:
[15:06:32] [Client thread/INFO]: [CHAT] CoFH Core 3.0.0B9 §f[§aDownload§f]
[15:06:32] [Client thread/INFO]: [CHAT] Beta 9! Bug fixes!
[15:06:35] [Server thread/INFO]: Saving and pausing game...
[15:06:35] [Server thread/INFO]: Saving chunks for level 'asd'/Overworld
[15:06:35] [Server thread/INFO]: Saving chunks for level 'asd'/Nether
[15:06:35] [Server thread/INFO]: Saving chunks for level 'asd'/The End
[15:06:36] [Server thread/INFO]: Stopping server
[15:06:36] [Server thread/INFO]: Saving players
[15:06:36] [Server thread/INFO]: Saving worlds
[15:06:36] [Server thread/INFO]: Saving chunks for level 'asd'/Overworld
[15:06:36] [Server thread/INFO]: Saving chunks for level 'asd'/Nether
[15:06:36] [Server thread/INFO]: Saving chunks for level 'asd'/The End
[15:06:38] [Client thread/INFO]: Stopping!
